2025-10-21 12:20:48.000 [ERROR] com.example.ecommerce - Failed to send email to user 9787. SMTPException: Connection reset.
2025-10-02 02:46:19.000 [INFO] com.example.ecommerce - Email confirmation sent to user 7644.
2025-10-06 12:06:08.000 [ERROR] com.example.ecommerce - NullPointerException at OrderController.java:137.
2025-10-15 19:35:39.000 [INFO] com.example.ecommerce - Cache refreshed for endpoint /api/products.
2025-10-19 20:22:03.000 [INFO] com.example.ecommerce - Email confirmation sent to user 6870.
2025-10-04 12:27:44.000 [INFO] com.example.ecommerce - Order 61927 placed successfully for user 9383.
2025-10-12 12:56:30.000 [WARN] com.example.ecommerce - High memory usage detected in OrderService.
2025-10-29 23:06:13.000 [INFO] com.example.ecommerce - User 9823 successfully logged in.
2025-10-29 23:39:01.000 [INFO] com.example.ecommerce - Order 85285 placed successfully for user 6913.
2025-10-21 00:35:12.000 [INFO] com.example.ecommerce - Payment processed for order 23154, amount $132.65513062503496.
2025-10-31 11:46:01.000 [INFO] com.example.ecommerce - Fetched 23 products from category 'electronics'.
2025-10-16 19:27:52.000 [WARN] com.example.ecommerce - Slow query detected: SELECT * FROM orders WHERE user_id=6720 took 1149 ms.
2025-10-18 01:13:49.000 [WARN] com.example.ecommerce - Retrying payment for order 52526 due to network issue.
2025-10-25 23:19:42.000 [INFO] com.example.ecommerce - Email confirmation sent to user 2588.
2025-10-24 05:47:01.000 [INFO] com.example.ecommerce - Payment processed for order 24158, amount $116.88559799308128.
2025-10-08 02:49:50.000 [INFO] com.example.ecommerce - User 4991 successfully logged in.
2025-10-20 13:06:45.000 [ERROR] com.example.ecommerce - NullPointerException at OrderController.java:324.
2025-10-20 21:54:43.000 [INFO] com.example.ecommerce - Order 38636 placed successfully for user 1037.
2025-10-10 23:55:42.000 [ERROR] com.example.ecommerce - Failed to send email to user 4541. SMTPException: Host unreachable.
2025-10-10 00:42:23.000 [ERROR] com.example.ecommerce - Failed to process payment for order 30843: Payment gateway timeout.
2025-10-21 17:05:46.000 [INFO] com.example.ecommerce - GET /api/orders/94884 returned 200 in 406 ms.
2025-10-04 09:36:00.000 [WARN] com.example.ecommerce - Slow query detected: SELECT * FROM orders WHERE user_id=9067 took 1489 ms.
2025-10-11 01:43:06.000 [INFO] com.example.ecommerce - Cache refreshed for endpoint /api/products.
2025-10-23 09:53:56.000 [INFO] com.example.ecommerce - Fetched 48 products from category 'home'.
2025-10-29 08:56:10.000 [INFO] com.example.ecommerce - Order 62838 placed successfully for user 4443.
2025-10-30 07:10:50.000 [INFO] com.example.ecommerce - User 6199 successfully logged in.
2025-10-05 06:18:58.000 [INFO] com.example.ecommerce - Payment processed for order 98451, amount $165.19298233196983.
2025-10-01 05:36:54.000 [ERROR] com.example.ecommerce - Failed to send email to user 7535. SMTPException: Auth failed.
2025-10-25 05:25:14.000 [INFO] com.example.ecommerce - Cache refreshed for endpoint /api/products.
2025-10-29 00:45:37.000 [INFO] com.example.ecommerce - Cache refreshed for endpoint /api/products.
2025-10-21 08:41:29.000 [INFO] com.example.ecommerce - Email confirmation sent to user 3613.
2025-10-09 17:56:03.000 [INFO] com.example.ecommerce - Payment processed for order 56424, amount $468.53409172274667.
2025-10-11 21:02:51.000 [WARN] com.example.ecommerce - Deprecated API endpoint /api/v1/cart accessed by user 6552.
2025-10-22 10:30:33.000 [INFO] com.example.ecommerce - User 4202 successfully logged in.
2025-10-01 11:03:51.000 [WARN] com.example.ecommerce - Slow query detected: SELECT * FROM orders WHERE user_id=4390 took 1399 ms.
2025-10-25 10:26:05.000 [INFO] com.example.ecommerce - Cache refreshed for endpoint /api/products.
2025-10-08 09:54:22.000 [ERROR] com.example.ecommerce - Database connection lost. Retrying...
2025-10-05 13:32:03.000 [INFO] com.example.ecommerce - Payment processed for order 49172, amount $179.2915596995739.
2025-10-15 17:49:44.000 [INFO] com.example.ecommerce - Fetched 20 products from category 'beauty'.
2025-10-10 10:17:37.000 [INFO] com.example.ecommerce - GET /api/orders/19483 returned 200 in 468 ms.
2025-10-19 02:41:57.000 [INFO] com.example.ecommerce - User 2695 successfully logged in.
2025-10-26 15:18:31.000 [INFO] com.example.ecommerce - Email confirmation sent to user 6957.
2025-10-28 17:43:09.000 [INFO] com.example.ecommerce - GET /api/orders/52887 returned 200 in 487 ms.
2025-10-31 06:24:33.000 [WARN] com.example.ecommerce - Cache miss for key 'product_295'.
2025-10-04 08:34:45.000 [INFO] com.example.ecommerce - GET /api/orders/92012 returned 200 in 498 ms.
2025-10-07 19:41:33.000 [WARN] com.example.ecommerce - High memory usage detected in OrderService.
2025-10-06 10:04:47.000 [INFO] com.example.ecommerce - User 4507 successfully logged in.
2025-10-12 15:17:11.000 [INFO] com.example.ecommerce - Fetched 7 products from category 'home'.
2025-10-30 15:54:34.000 [INFO] com.example.ecommerce - Fetched 21 products from category 'beauty'.
2025-10-04 16:06:31.000 [WARN] com.example.ecommerce - High memory usage detected in OrderService.
2025-10-19 04:48:53.000 [INFO] com.example.ecommerce - User 9528 successfully logged in.
2025-10-19 12:28:11.000 [INFO] com.example.ecommerce - Fetched 46 products from category 'beauty'.
2025-10-30 18:51:59.000 [ERROR] com.example.ecommerce - Database connection lost. Retrying...
2025-10-25 19:48:59.000 [INFO] com.example.ecommerce - Cache refreshed for endpoint /api/products.
2025-10-15 15:09:25.000 [INFO] com.example.ecommerce - Fetched 33 products from category 'beauty'.
2025-10-06 18:14:45.000 [INFO] com.example.ecommerce - Order 24167 placed successfully for user 6139.
2025-10-03 06:01:33.000 [WARN] com.example.ecommerce - Retrying payment for order 46820 due to network issue.
2025-10-15 03:34:12.000 [INFO] com.example.ecommerce - Cache refreshed for endpoint /api/products.
2025-10-15 07:22:39.000 [WARN] com.example.ecommerce - Slow query detected: SELECT * FROM orders WHERE user_id=3046 took 1809 ms.
2025-10-04 15:39:26.000 [INFO] com.example.ecommerce - Payment processed for order 21846, amount $373.5652484762481.
2025-10-25 05:55:31.000 [WARN] com.example.ecommerce - High memory usage detected in OrderService.
2025-10-23 13:51:38.000 [WARN] com.example.ecommerce - High memory usage detected in OrderService.
2025-10-07 10:45:30.000 [ERROR] com.example.ecommerce - Failed to send email to user 4207. SMTPException: Invalid token.
2025-10-01 03:05:53.000 [INFO] com.example.ecommerce - Cache refreshed for endpoint /api/products.
2025-10-14 15:23:46.000 [INFO] com.example.ecommerce - Email confirmation sent to user 6568.
2025-10-10 18:38:12.000 [INFO] com.example.ecommerce - Order 37387 placed successfully for user 7260.
2025-10-01 04:52:59.000 [ERROR] com.example.ecommerce - User 9539 not found in database.
2025-10-01 11:37:10.000 [INFO] com.example.ecommerce - Order 76293 placed successfully for user 7513.
2025-10-15 09:05:36.000 [WARN] com.example.ecommerce - Slow query detected: SELECT * FROM orders WHERE user_id=5129 took 1649 ms.
2025-10-04 06:54:37.000 [INFO] com.example.ecommerce - Fetched 3 products from category 'fashion'.
2025-10-28 03:33:47.000 [INFO] com.example.ecommerce - GET /api/orders/25703 returned 200 in 304 ms.
2025-10-16 15:58:32.000 [INFO] com.example.ecommerce - User 7855 successfully logged in.
2025-10-18 16:24:19.000 [INFO] com.example.ecommerce - Order 61741 placed successfully for user 1239.
2025-10-12 13:34:15.000 [WARN] com.example.ecommerce - Slow query detected: SELECT * FROM orders WHERE user_id=2345 took 875 ms.
2025-10-12 16:26:37.000 [INFO] com.example.ecommerce - Payment processed for order 84406, amount $183.28395982544984.
2025-10-02 07:11:10.000 [INFO] com.example.ecommerce - Cache refreshed for endpoint /api/products.
2025-10-18 07:21:31.000 [WARN] com.example.ecommerce - High memory usage detected in OrderService.
2025-10-17 18:15:49.000 [ERROR] com.example.ecommerce - NullPointerException at OrderController.java:360.
2025-10-03 13:20:58.000 [INFO] com.example.ecommerce - Fetched 27 products from category 'home'.
2025-10-22 23:47:32.000 [INFO] com.example.ecommerce - GET /api/orders/58135 returned 200 in 300 ms.
2025-10-05 23:16:31.000 [INFO] com.example.ecommerce - Email confirmation sent to user 1964.
2025-10-20 22:02:58.000 [INFO] com.example.ecommerce - Order 43295 placed successfully for user 2070.
2025-10-11 00:45:07.000 [INFO] com.example.ecommerce - Email confirmation sent to user 3626.
2025-10-07 15:39:48.000 [INFO] com.example.ecommerce - Payment processed for order 12827, amount $50.246082749972864.
2025-10-09 20:25:24.000 [INFO] com.example.ecommerce - Payment processed for order 64050, amount $328.2948109161997.
2025-10-29 23:47:43.000 [INFO] com.example.ecommerce - GET /api/orders/61546 returned 200 in 393 ms.
2025-10-15 15:34:05.000 [WARN] com.example.ecommerce - Retrying payment for order 22842 due to network issue.
2025-10-22 01:15:11.000 [ERROR] com.example.ecommerce - Database connection lost. Retrying...
2025-10-02 19:25:32.000 [INFO] com.example.ecommerce - Email confirmation sent to user 2962.
2025-10-19 23:24:25.000 [INFO] com.example.ecommerce - Payment processed for order 67593, amount $342.90364623587703.
2025-10-08 06:07:44.000 [INFO] com.example.ecommerce - GET /api/orders/47130 returned 200 in 482 ms.
2025-10-06 16:34:48.000 [INFO] com.example.ecommerce - Order 17411 placed successfully for user 6580.
2025-10-12 03:13:42.000 [INFO] com.example.ecommerce - Cache refreshed for endpoint /api/products.
2025-10-04 18:41:52.000 [ERROR] com.example.ecommerce - Failed to send email to user 2721. SMTPException: Auth failed.
2025-10-19 20:09:25.000 [INFO] com.example.ecommerce - Cache refreshed for endpoint /api/products.
2025-10-28 08:04:20.000 [INFO] com.example.ecommerce - GET /api/orders/30119 returned 200 in 193 ms.
2025-10-31 22:54:17.000 [INFO] com.example.ecommerce - User 3915 successfully logged in.
2025-10-27 08:59:47.000 [ERROR] com.example.ecommerce - Order 91332 not found. Returning 404.
2025-10-18 03:02:40.000 [INFO] com.example.ecommerce - GET /api/orders/77551 returned 200 in 243 ms.
2025-10-13 03:33:58.000 [INFO] com.example.ecommerce - Order 76870 placed successfully for user 6791.